{"C:\\Users\\LauraLvd\\Documents\\Chile 2024\\USM\\Diseno de aplicaciones web y moviles\\API_REST\\Control1\\tel335-proyecto-1-rest-api-koa\\src\\actions\\product\\product.js": {"path":"C:\\Users\\LauraLvd\\Documents\\Chile 2024\\USM\\Diseno de aplicaciones web y moviles\\API_REST\\Control1\\tel335-proyecto-1-rest-api-koa\\src\\actions\\product\\product.js","statementMap":{"0":{"start":{"line":2,"column":15},"end":{"line":2,"column":23}},"1":{"start":{"line":4,"column":0},"end":{"line":6,"column":1}},"2":{"start":{"line":5,"column":4},"end":{"line":5,"column":17}},"3":{"start":{"line":8,"column":0},"end":{"line":10,"column":1}},"4":{"start":{"line":9,"column":4},"end":{"line":9,"column":19}},"5":{"start":{"line":14,"column":0},"end":{"line":36,"column":1}},"6":{"start":{"line":15,"column":4},"end":{"line":24,"column":5}},"7":{"start":{"line":23,"column":8},"end":{"line":23,"column":62}},"8":{"start":{"line":25,"column":19},"end":{"line":25,"column":83}},"9":{"start":{"line":26,"column":20},"end":{"line":33,"column":5}},"10":{"start":{"line":34,"column":4},"end":{"line":34,"column":26}},"11":{"start":{"line":35,"column":4},"end":{"line":35,"column":18}},"12":{"start":{"line":40,"column":4},"end":{"line":40,"column":74}},"13":{"start":{"line":40,"column":36},"end":{"line":40,"column":73}},"14":{"start":{"line":43,"column":0},"end":{"line":61,"column":1}},"15":{"start":{"line":44,"column":4},"end":{"line":46,"column":5}},"16":{"start":{"line":45,"column":8},"end":{"line":45,"column":53}},"17":{"start":{"line":47,"column":4},"end":{"line":49,"column":5}},"18":{"start":{"line":48,"column":8},"end":{"line":48,"column":67}},"19":{"start":{"line":50,"column":29},"end":{"line":50,"column":94}},"20":{"start":{"line":50,"column":56},"end":{"line":50,"column":93}},"21":{"start":{"line":51,"column":4},"end":{"line":53,"column":5}},"22":{"start":{"line":52,"column":8},"end":{"line":52,"column":31}},"23":{"start":{"line":54,"column":4},"end":{"line":56,"column":5}},"24":{"start":{"line":55,"column":8},"end":{"line":55,"column":67}},"25":{"start":{"line":55,"column":47},"end":{"line":55,"column":66}},"26":{"start":{"line":57,"column":4},"end":{"line":59,"column":5}},"27":{"start":{"line":58,"column":8},"end":{"line":58,"column":67}},"28":{"start":{"line":58,"column":47},"end":{"line":58,"column":66}},"29":{"start":{"line":60,"column":4},"end":{"line":60,"column":38}},"30":{"start":{"line":65,"column":4},"end":{"line":65,"column":53}},"31":{"start":{"line":65,"column":36},"end":{"line":65,"column":52}},"32":{"start":{"line":70,"column":0},"end":{"line":94,"column":1}},"33":{"start":{"line":71,"column":4},"end":{"line":73,"column":5}},"34":{"start":{"line":72,"column":8},"end":{"line":72,"column":58}},"35":{"start":{"line":74,"column":4},"end":{"line":76,"column":5}},"36":{"start":{"line":75,"column":8},"end":{"line":75,"column":60}},"37":{"start":{"line":77,"column":4},"end":{"line":83,"column":5}},"38":{"start":{"line":82,"column":8},"end":{"line":82,"column":68}},"39":{"start":{"line":84,"column":20},"end":{"line":84,"column":62}},"40":{"start":{"line":84,"column":45},"end":{"line":84,"column":61}},"41":{"start":{"line":85,"column":23},"end":{"line":91,"column":5}},"42":{"start":{"line":92,"column":4},"end":{"line":92,"column":79}},"43":{"start":{"line":92,"column":39},"end":{"line":92,"column":78}},"44":{"start":{"line":93,"column":4},"end":{"line":93,"column":21}},"45":{"start":{"line":99,"column":0},"end":{"line":109,"column":1}},"46":{"start":{"line":100,"column":4},"end":{"line":102,"column":5}},"47":{"start":{"line":101,"column":8},"end":{"line":101,"column":58}},"48":{"start":{"line":103,"column":4},"end":{"line":105,"column":5}},"49":{"start":{"line":104,"column":8},"end":{"line":104,"column":60}},"50":{"start":{"line":106,"column":26},"end":{"line":106,"column":41}},"51":{"start":{"line":107,"column":4},"end":{"line":107,"column":59}},"52":{"start":{"line":107,"column":42},"end":{"line":107,"column":58}},"53":{"start":{"line":108,"column":4},"end":{"line":108,"column":42}}},"fnMap":{"0":{"name":"(anonymous_0)","decl":{"start":{"line":4,"column":24},"end":{"line":4,"column":25}},"loc":{"start":{"line":4,"column":30},"end":{"line":6,"column":1}},"line":4},"1":{"name":"(anonymous_1)","decl":{"start":{"line":8,"column":22},"end":{"line":8,"column":23}},"loc":{"start":{"line":8,"column":28},"end":{"line":10,"column":1}},"line":8},"2":{"name":"(anonymous_2)","decl":{"start":{"line":14,"column":24},"end":{"line":14,"column":25}},"loc":{"start":{"line":14,"column":41},"end":{"line":36,"column":1}},"line":14},"3":{"name":"checkExistingCategory","decl":{"start":{"line":39,"column":9},"end":{"line":39,"column":30}},"loc":{"start":{"line":39,"column":41},"end":{"line":41,"column":1}},"line":39},"4":{"name":"(anonymous_4)","decl":{"start":{"line":40,"column":25},"end":{"line":40,"column":26}},"loc":{"start":{"line":40,"column":36},"end":{"line":40,"column":73}},"line":40},"5":{"name":"(anonymous_5)","decl":{"start":{"line":43,"column":32},"end":{"line":43,"column":33}},"loc":{"start":{"line":43,"column":51},"end":{"line":61,"column":1}},"line":43},"6":{"name":"(anonymous_6)","decl":{"start":{"line":50,"column":45},"end":{"line":50,"column":46}},"loc":{"start":{"line":50,"column":56},"end":{"line":50,"column":93}},"line":50},"7":{"name":"(anonymous_7)","decl":{"start":{"line":55,"column":37},"end":{"line":55,"column":38}},"loc":{"start":{"line":55,"column":47},"end":{"line":55,"column":66}},"line":55},"8":{"name":"(anonymous_8)","decl":{"start":{"line":58,"column":37},"end":{"line":58,"column":38}},"loc":{"start":{"line":58,"column":47},"end":{"line":58,"column":66}},"line":58},"9":{"name":"checkExistingId","decl":{"start":{"line":64,"column":9},"end":{"line":64,"column":24}},"loc":{"start":{"line":64,"column":29},"end":{"line":66,"column":1}},"line":64},"10":{"name":"(anonymous_10)","decl":{"start":{"line":65,"column":25},"end":{"line":65,"column":26}},"loc":{"start":{"line":65,"column":36},"end":{"line":65,"column":52}},"line":65},"11":{"name":"(anonymous_11)","decl":{"start":{"line":70,"column":24},"end":{"line":70,"column":25}},"loc":{"start":{"line":70,"column":45},"end":{"line":94,"column":1}},"line":70},"12":{"name":"(anonymous_12)","decl":{"start":{"line":84,"column":34},"end":{"line":84,"column":35}},"loc":{"start":{"line":84,"column":45},"end":{"line":84,"column":61}},"line":84},"13":{"name":"(anonymous_13)","decl":{"start":{"line":92,"column":28},"end":{"line":92,"column":29}},"loc":{"start":{"line":92,"column":39},"end":{"line":92,"column":78}},"line":92},"14":{"name":"(anonymous_14)","decl":{"start":{"line":99,"column":24},"end":{"line":99,"column":25}},"loc":{"start":{"line":99,"column":32},"end":{"line":109,"column":1}},"line":99},"15":{"name":"(anonymous_15)","decl":{"start":{"line":107,"column":31},"end":{"line":107,"column":32}},"loc":{"start":{"line":107,"column":42},"end":{"line":107,"column":58}},"line":107}},"branchMap":{"0":{"loc":{"start":{"line":15,"column":4},"end":{"line":24,"column":5}},"type":"if","locations":[{"start":{"line":15,"column":4},"end":{"line":24,"column":5}},{"start":{},"end":{}}],"line":15},"1":{"loc":{"start":{"line":15,"column":9},"end":{"line":21,"column":86}},"type":"binary-expr","locations":[{"start":{"line":15,"column":9},"end":{"line":15,"column":34}},{"start":{"line":16,"column":11},"end":{"line":16,"column":43}},{"start":{"line":17,"column":11},"end":{"line":17,"column":43}},{"start":{"line":18,"column":11},"end":{"line":18,"column":45}},{"start":{"line":19,"column":11},"end":{"line":19,"column":47}},{"start":{"line":20,"column":12},"end":{"line":20,"column":43}},{"start":{"line":20,"column":47},"end":{"line":20,"column":71}},{"start":{"line":21,"column":12},"end":{"line":21,"column":47}},{"start":{"line":21,"column":51},"end":{"line":21,"column":85}}],"line":15},"2":{"loc":{"start":{"line":25,"column":19},"end":{"line":25,"column":83}},"type":"cond-expr","locations":[{"start":{"line":25,"column":43},"end":{"line":25,"column":44}},{"start":{"line":25,"column":47},"end":{"line":25,"column":83}}],"line":25},"3":{"loc":{"start":{"line":44,"column":4},"end":{"line":46,"column":5}},"type":"if","locations":[{"start":{"line":44,"column":4},"end":{"line":46,"column":5}},{"start":{},"end":{}}],"line":44},"4":{"loc":{"start":{"line":47,"column":4},"end":{"line":49,"column":5}},"type":"if","locations":[{"start":{"line":47,"column":4},"end":{"line":49,"column":5}},{"start":{},"end":{}}],"line":47},"5":{"loc":{"start":{"line":51,"column":4},"end":{"line":53,"column":5}},"type":"if","locations":[{"start":{"line":51,"column":4},"end":{"line":53,"column":5}},{"start":{},"end":{}}],"line":51},"6":{"loc":{"start":{"line":54,"column":4},"end":{"line":56,"column":5}},"type":"if","locations":[{"start":{"line":54,"column":4},"end":{"line":56,"column":5}},{"start":{},"end":{}}],"line":54},"7":{"loc":{"start":{"line":57,"column":4},"end":{"line":59,"column":5}},"type":"if","locations":[{"start":{"line":57,"column":4},"end":{"line":59,"column":5}},{"start":{},"end":{}}],"line":57},"8":{"loc":{"start":{"line":71,"column":4},"end":{"line":73,"column":5}},"type":"if","locations":[{"start":{"line":71,"column":4},"end":{"line":73,"column":5}},{"start":{},"end":{}}],"line":71},"9":{"loc":{"start":{"line":74,"column":4},"end":{"line":76,"column":5}},"type":"if","locations":[{"start":{"line":74,"column":4},"end":{"line":76,"column":5}},{"start":{},"end":{}}],"line":74},"10":{"loc":{"start":{"line":77,"column":4},"end":{"line":83,"column":5}},"type":"if","locations":[{"start":{"line":77,"column":4},"end":{"line":83,"column":5}},{"start":{},"end":{}}],"line":77},"11":{"loc":{"start":{"line":77,"column":8},"end":{"line":80,"column":86}},"type":"binary-expr","locations":[{"start":{"line":77,"column":8},"end":{"line":77,"column":33}},{"start":{"line":78,"column":12},"end":{"line":78,"column":44}},{"start":{"line":78,"column":48},"end":{"line":78,"column":80}},{"start":{"line":78,"column":84},"end":{"line":78,"column":118}},{"start":{"line":78,"column":122},"end":{"line":78,"column":158}},{"start":{"line":79,"column":12},"end":{"line":79,"column":43}},{"start":{"line":79,"column":47},"end":{"line":79,"column":71}},{"start":{"line":80,"column":12},"end":{"line":80,"column":47}},{"start":{"line":80,"column":51},"end":{"line":80,"column":85}}],"line":77},"12":{"loc":{"start":{"line":87,"column":16},"end":{"line":87,"column":52}},"type":"binary-expr","locations":[{"start":{"line":87,"column":16},"end":{"line":87,"column":34}},{"start":{"line":87,"column":38},"end":{"line":87,"column":52}}],"line":87},"13":{"loc":{"start":{"line":88,"column":16},"end":{"line":88,"column":52}},"type":"binary-expr","locations":[{"start":{"line":88,"column":16},"end":{"line":88,"column":34}},{"start":{"line":88,"column":38},"end":{"line":88,"column":52}}],"line":88},"14":{"loc":{"start":{"line":89,"column":18},"end":{"line":89,"column":58}},"type":"binary-expr","locations":[{"start":{"line":89,"column":18},"end":{"line":89,"column":38}},{"start":{"line":89,"column":42},"end":{"line":89,"column":58}}],"line":89},"15":{"loc":{"start":{"line":90,"column":20},"end":{"line":90,"column":64}},"type":"binary-expr","locations":[{"start":{"line":90,"column":20},"end":{"line":90,"column":42}},{"start":{"line":90,"column":46},"end":{"line":90,"column":64}}],"line":90},"16":{"loc":{"start":{"line":92,"column":39},"end":{"line":92,"column":78}},"type":"cond-expr","locations":[{"start":{"line":92,"column":58},"end":{"line":92,"column":68}},{"start":{"line":92,"column":71},"end":{"line":92,"column":78}}],"line":92},"17":{"loc":{"start":{"line":100,"column":4},"end":{"line":102,"column":5}},"type":"if","locations":[{"start":{"line":100,"column":4},"end":{"line":102,"column":5}},{"start":{},"end":{}}],"line":100},"18":{"loc":{"start":{"line":103,"column":4},"end":{"line":105,"column":5}},"type":"if","locations":[{"start":{"line":103,"column":4},"end":{"line":105,"column":5}},{"start":{},"end":{}}],"line":103}},"s":{"0":1,"1":1,"2":10,"3":1,"4":13,"5":1,"6":19,"7":7,"8":12,"9":12,"10":12,"11":12,"12":5,"13":9,"14":1,"15":6,"16":1,"17":5,"18":1,"19":4,"20":11,"21":4,"22":1,"23":3,"24":1,"25":1,"26":2,"27":1,"28":1,"29":1,"30":12,"31":12,"32":1,"33":11,"34":1,"35":10,"36":1,"37":9,"38":4,"39":5,"40":5,"41":5,"42":5,"43":5,"44":5,"45":1,"46":3,"47":1,"48":2,"49":1,"50":1,"51":1,"52":1,"53":1},"f":{"0":10,"1":13,"2":19,"3":5,"4":9,"5":6,"6":11,"7":1,"8":1,"9":12,"10":12,"11":11,"12":5,"13":5,"14":3,"15":1},"b":{"0":[7,12],"1":[19,18,17,16,15,14,14,13,13],"2":[8,4],"3":[1,5],"4":[1,4],"5":[1,3],"6":[1,2],"7":[1,1],"8":[1,10],"9":[1,9],"10":[4,5],"11":[9,8,5,4,3,7,3,6,3],"12":[5,3],"13":[5,3],"14":[5,3],"15":[5,3],"16":[5,0],"17":[1,2],"18":[1,1]},"_coverageSchema":"1a1c01bbd47fc00a2c39e90264f33305004495a9","hash":"94026beae43efb07d91893b920998e551823ee65"}
}
