TN:
SF:src\actions\product\product.js
FN:4,(anonymous_0)
FN:8,(anonymous_1)
FN:14,(anonymous_2)
FN:39,checkExistingCategory
FN:40,(anonymous_4)
FN:43,(anonymous_5)
FN:50,(anonymous_6)
FN:55,(anonymous_7)
FN:58,(anonymous_8)
FN:64,checkExistingId
FN:65,(anonymous_10)
FN:70,(anonymous_11)
FN:84,(anonymous_12)
FN:92,(anonymous_13)
FN:99,(anonymous_14)
FN:107,(anonymous_15)
FNF:16
FNH:16
FNDA:10,(anonymous_0)
FNDA:13,(anonymous_1)
FNDA:19,(anonymous_2)
FNDA:5,checkExistingCategory
FNDA:9,(anonymous_4)
FNDA:6,(anonymous_5)
FNDA:11,(anonymous_6)
FNDA:1,(anonymous_7)
FNDA:1,(anonymous_8)
FNDA:12,checkExistingId
FNDA:12,(anonymous_10)
FNDA:11,(anonymous_11)
FNDA:5,(anonymous_12)
FNDA:5,(anonymous_13)
FNDA:3,(anonymous_14)
FNDA:1,(anonymous_15)
DA:2,1
DA:4,1
DA:5,10
DA:8,1
DA:9,13
DA:14,1
DA:15,19
DA:23,7
DA:25,12
DA:26,12
DA:34,12
DA:35,12
DA:40,9
DA:43,1
DA:44,6
DA:45,1
DA:47,5
DA:48,1
DA:50,11
DA:51,4
DA:52,1
DA:54,3
DA:55,1
DA:57,2
DA:58,1
DA:60,1
DA:65,12
DA:70,1
DA:71,11
DA:72,1
DA:74,10
DA:75,1
DA:77,9
DA:82,4
DA:84,5
DA:85,5
DA:92,5
DA:93,5
DA:99,1
DA:100,3
DA:101,1
DA:103,2
DA:104,1
DA:106,1
DA:107,1
DA:108,1
LF:46
LH:46
BRDA:15,0,0,7
BRDA:15,0,1,12
BRDA:15,1,0,19
BRDA:15,1,1,18
BRDA:15,1,2,17
BRDA:15,1,3,16
BRDA:15,1,4,15
BRDA:15,1,5,14
BRDA:15,1,6,14
BRDA:15,1,7,13
BRDA:15,1,8,13
BRDA:25,2,0,8
BRDA:25,2,1,4
BRDA:44,3,0,1
BRDA:44,3,1,5
BRDA:47,4,0,1
BRDA:47,4,1,4
BRDA:51,5,0,1
BRDA:51,5,1,3
BRDA:54,6,0,1
BRDA:54,6,1,2
BRDA:57,7,0,1
BRDA:57,7,1,1
BRDA:71,8,0,1
BRDA:71,8,1,10
BRDA:74,9,0,1
BRDA:74,9,1,9
BRDA:77,10,0,4
BRDA:77,10,1,5
BRDA:77,11,0,9
BRDA:77,11,1,8
BRDA:77,11,2,5
BRDA:77,11,3,4
BRDA:77,11,4,3
BRDA:77,11,5,7
BRDA:77,11,6,3
BRDA:77,11,7,6
BRDA:77,11,8,3
BRDA:87,12,0,5
BRDA:87,12,1,3
BRDA:88,13,0,5
BRDA:88,13,1,3
BRDA:89,14,0,5
BRDA:89,14,1,3
BRDA:90,15,0,5
BRDA:90,15,1,3
BRDA:92,16,0,5
BRDA:92,16,1,0
BRDA:100,17,0,1
BRDA:100,17,1,2
BRDA:103,18,0,1
BRDA:103,18,1,1
BRF:52
BRH:51
end_of_record
